SF:lib/core/error/failures.dart
DA:6,26
DA:8,0
DA:9,0
DA:11,0
DA:12,0
DA:16,26
DA:20,0
DA:21,0
DA:23,1
DA:24,2
LF:10
LH:4
end_of_record
SF:lib/features/home/data/datasources/home_remote_datasource.dart
DA:16,1
DA:18,3
DA:19,3
LF:3
LH:3
end_of_record
SF:lib/features/home/data/models/pokemon_list_model.dart
DA:10,5
DA:11,10
DA:13,0
DA:14,0
DA:26,5
DA:27,5
DA:37,10
LF:7
LH:5
end_of_record
SF:lib/features/home/data/models/pokemon_list_model.g.dart
DA:9,5
DA:11,5
DA:12,5
DA:13,5
DA:14,5
DA:15,5
DA:16,15
DA:17,5
DA:20,0
DA:22,0
DA:23,0
DA:24,0
DA:25,0
DA:26,0
DA:29,10
DA:30,5
DA:31,5
DA:34,0
DA:35,0
DA:36,0
DA:37,0
LF:21
LH:11
end_of_record
SF:lib/features/home/data/repositories/home_repository_impl.dart
DA:11,4
DA:13,1
DA:18,2
DA:20,1
DA:22,1
DA:24,0
LF:6
LH:5
end_of_record
SF:lib/core/di/env.dart
DA:8,0
LF:1
LH:0
end_of_record
SF:lib/core/di/register_module.dart
DA:9,0
DA:10,0
DA:11,0
DA:13,0
DA:14,0
DA:15,0
DA:16,0
LF:7
LH:0
end_of_record
SF:lib/features/detail/data/datasources/detail_remote_datasource.dart
DA:16,1
DA:18,3
DA:19,3
LF:3
LH:3
end_of_record
SF:lib/features/detail/data/repositories/detail_repository_impl.dart
DA:11,4
DA:13,1
DA:18,2
DA:20,1
DA:22,1
DA:24,0
LF:6
LH:5
end_of_record
SF:lib/features/detail/domain/usecases/get_pokemon_detail.dart
DA:12,1
DA:13,2
LF:2
LH:2
end_of_record
SF:lib/features/detail/presentation/cubit/detail_cubit.dart
DA:14,2
DA:16,1
DA:17,2
DA:18,1
DA:19,1
DA:20,3
DA:21,1
DA:22,1
DA:23,1
LF:9
LH:9
end_of_record
SF:lib/features/home/domain/usecases/get_pokemon_list.dart
DA:12,1
DA:13,2
LF:2
LH:2
end_of_record
SF:lib/features/home/presentation/cubit/home_cubit.dart
DA:14,2
DA:16,1
DA:17,2
DA:19,1
DA:23,0
DA:24,0
DA:25,0
DA:28,0
DA:31,2
DA:32,1
DA:34,3
DA:38,1
DA:40,1
DA:42,2
DA:43,1
DA:44,3
DA:45,1
DA:47,1
DA:48,1
DA:49,0
DA:50,1
DA:51,4
DA:52,1
DA:56,1
DA:57,1
DA:68,0
DA:70,0
DA:71,0
DA:72,0
DA:73,0
DA:75,0
DA:76,0
DA:77,0
DA:79,0
DA:80,0
DA:82,0
DA:88,0
DA:89,0
DA:90,0
DA:98,0
DA:99,0
DA:100,0
DA:103,0
DA:109,0
DA:110,0
DA:111,0
LF:46
LH:20
end_of_record
SF:lib/core/di/service_locator.dart
DA:5,24
DA:7,0
DA:12,0
LF:3
LH:1
end_of_record
SF:lib/features/detail/data/models/pokemon_detail_model.dart
DA:16,5
DA:17,10
DA:19,0
DA:20,0
DA:47,5
DA:48,5
DA:60,5
DA:61,5
DA:72,5
DA:73,5
DA:84,5
DA:85,5
DA:96,10
DA:109,5
DA:110,5
DA:129,5
DA:130,5
DA:142,10
DA:153,5
DA:154,5
DA:167,10
DA:179,0
DA:180,0
DA:197,5
DA:198,5
DA:209,0
DA:210,0
DA:225,0
DA:226,0
DA:239,0
DA:240,0
DA:257,0
DA:258,0
DA:272,0
DA:285,0
DA:286,0
DA:300,0
DA:301,0
DA:314,0
DA:315,0
DA:333,0
DA:334,0
DA:344,0
DA:345,0
DA:363,0
DA:364,0
DA:381,0
DA:382,0
DA:394,0
DA:395,0
DA:407,0
DA:408,0
DA:419,0
DA:430,0
DA:431,0
DA:443,10
DA:454,10
LF:57
LH:23
end_of_record
SF:lib/features/detail/data/models/pokemon_detail_model.g.dart
DA:9,5
DA:11,5
DA:12,5
DA:13,15
DA:14,5
DA:15,5
DA:16,5
DA:17,15
DA:18,5
DA:19,5
DA:20,15
DA:21,5
DA:22,5
DA:23,5
DA:24,5
DA:25,5
DA:26,5
DA:27,5
DA:28,15
DA:29,5
DA:30,5
DA:31,5
DA:32,5
DA:33,5
DA:35,10
DA:36,5
DA:38,10
DA:39,5
DA:40,15
DA:41,5
DA:42,5
DA:43,15
DA:44,5
DA:45,5
DA:48,0
DA:50,0
DA:51,0
DA:52,0
DA:53,0
DA:54,0
DA:55,0
DA:56,0
DA:57,0
DA:58,0
DA:59,0
DA:60,0
DA:61,0
DA:62,0
DA:63,0
DA:64,0
DA:65,0
DA:66,0
DA:67,0
DA:68,0
DA:71,5
DA:72,5
DA:73,5
DA:75,10
DA:76,5
DA:77,5
DA:80,0
DA:81,0
DA:82,0
DA:83,0
DA:84,0
DA:87,5
DA:88,5
DA:89,5
DA:90,5
DA:93,0
DA:94,0
DA:95,0
DA:96,0
DA:99,5
DA:100,5
DA:101,5
DA:102,5
DA:104,10
DA:107,0
DA:108,0
DA:109,0
DA:110,0
DA:113,10
DA:114,5
DA:116,10
DA:117,5
DA:118,15
DA:119,5
DA:122,0
DA:123,0
DA:124,0
DA:125,0
DA:128,5
DA:130,5
DA:131,5
DA:132,5
DA:134,10
DA:135,5
DA:137,10
DA:140,0
DA:142,0
DA:143,0
DA:144,0
DA:145,0
DA:148,5
DA:149,5
DA:150,5
DA:151,5
DA:152,5
DA:153,5
DA:154,5
DA:155,5
DA:156,5
DA:157,5
DA:158,5
DA:160,10
DA:161,5
DA:163,10
DA:166,0
DA:167,0
DA:168,0
DA:169,0
DA:170,0
DA:171,0
DA:172,0
DA:173,0
DA:174,0
DA:175,0
DA:176,0
DA:177,0
DA:180,10
DA:181,5
DA:183,10
DA:184,5
DA:186,10
DA:187,5
DA:189,0
DA:190,0
DA:193,0
DA:194,0
DA:195,0
DA:196,0
DA:197,0
DA:200,5
DA:201,5
DA:202,5
DA:203,5
DA:206,0
DA:207,0
DA:208,0
DA:209,0
DA:212,10
DA:213,5
DA:214,5
DA:215,5
DA:216,5
DA:219,0
DA:220,0
DA:221,0
DA:222,0
DA:223,0
DA:224,0
DA:227,0
DA:229,0
DA:230,0
DA:231,0
DA:234,0
DA:236,0
DA:237,0
DA:238,0
DA:241,5
DA:242,5
DA:243,5
DA:245,0
DA:246,5
DA:248,0
DA:249,0
DA:250,5
DA:252,0
DA:253,0
DA:254,5
DA:256,0
DA:257,0
DA:258,5
DA:260,0
DA:261,5
DA:263,0
DA:264,0
DA:265,5
DA:267,0
DA:268,0
DA:269,5
DA:271,0
DA:272,0
DA:275,0
DA:276,0
DA:277,0
DA:278,0
DA:279,0
DA:280,0
DA:281,0
DA:282,0
DA:283,0
DA:284,0
DA:287,0
DA:288,0
DA:289,0
DA:291,0
DA:292,0
DA:294,0
DA:297,0
DA:298,0
DA:299,0
DA:300,0
DA:303,0
DA:304,0
DA:305,0
DA:306,0
DA:307,0
DA:308,0
DA:309,0
DA:310,0
DA:313,0
DA:314,0
DA:315,0
DA:316,0
DA:317,0
DA:318,0
DA:319,0
DA:320,0
DA:323,0
DA:324,0
DA:325,0
DA:327,0
DA:328,0
DA:330,0
DA:331,0
DA:333,0
DA:336,0
DA:337,0
DA:338,0
DA:339,0
DA:340,0
DA:343,0
DA:344,0
DA:345,0
DA:346,0
DA:347,0
DA:348,0
DA:349,0
DA:350,0
DA:351,0
DA:352,0
DA:355,0
DA:356,0
DA:357,0
DA:358,0
DA:359,0
DA:360,0
DA:361,0
DA:362,0
DA:363,0
DA:364,0
DA:367,0
DA:368,0
DA:369,0
DA:370,0
DA:371,0
DA:372,0
DA:375,0
DA:376,0
DA:377,0
DA:378,0
DA:379,0
DA:380,0
DA:381,0
DA:384,0
DA:385,0
DA:386,0
DA:388,0
DA:389,0
DA:391,0
DA:392,0
DA:393,0
DA:395,0
DA:396,0
DA:399,0
DA:400,0
DA:401,0
DA:402,0
DA:403,0
DA:406,0
DA:408,0
DA:409,0
DA:410,0
DA:411,0
DA:412,0
DA:415,0
DA:417,0
DA:418,0
DA:419,0
DA:420,0
DA:421,0
DA:424,0
DA:425,0
DA:426,0
DA:428,0
DA:429,0
DA:430,0
DA:432,0
DA:433,0
DA:434,0
DA:436,0
DA:439,0
DA:440,0
DA:441,0
DA:442,0
DA:443,0
DA:446,0
DA:447,0
DA:448,0
DA:449,0
DA:450,0
DA:451,0
DA:452,0
DA:453,0
DA:454,0
DA:455,0
DA:458,0
DA:459,0
DA:460,0
DA:461,0
DA:462,0
DA:463,0
DA:464,0
DA:465,0
DA:466,0
DA:467,0
DA:470,0
DA:471,0
DA:472,0
DA:474,0
DA:477,0
DA:478,0
DA:479,0
DA:482,0
DA:483,0
DA:484,0
DA:486,0
DA:487,0
DA:488,0
DA:489,0
DA:490,0
DA:491,0
DA:492,0
DA:493,0
DA:494,0
DA:497,0
DA:498,0
DA:499,0
DA:500,0
DA:501,0
DA:502,0
DA:503,0
DA:504,0
DA:505,0
DA:506,0
DA:507,0
DA:510,0
DA:511,0
DA:512,0
DA:513,0
DA:514,0
DA:515,0
DA:516,0
DA:517,0
DA:518,0
DA:519,0
DA:522,0
DA:523,0
DA:524,0
DA:525,0
DA:526,0
DA:527,0
DA:528,0
DA:529,0
DA:530,0
DA:531,0
DA:534,0
DA:535,0
DA:536,0
DA:538,0
DA:539,0
DA:540,0
DA:542,0
DA:545,0
DA:546,0
DA:547,0
DA:548,0
DA:551,0
DA:552,0
DA:553,0
DA:555,0
DA:556,0
DA:558,0
DA:561,0
DA:562,0
DA:563,0
DA:564,0
DA:567,0
DA:568,0
DA:569,0
DA:572,0
DA:573,0
DA:574,0
DA:575,0
DA:578,0
DA:579,0
DA:580,0
DA:582,0
DA:585,0
DA:587,0
DA:588,0
DA:591,10
DA:592,5
DA:593,5
DA:594,5
DA:596,10
DA:599,0
DA:600,0
DA:601,0
DA:602,0
DA:603,0
DA:606,10
DA:607,5
DA:608,5
DA:610,10
DA:613,0
DA:614,0
DA:615,0
DA:616,0
LF:441
LH:110
end_of_record
SF:lib/features/detail/domain/entities/pokemon_detail_entity.dart
DA:21,0
DA:48,0
DA:59,0
DA:69,0
DA:79,0
DA:90,0
DA:109,0
DA:128,0
DA:139,0
DA:151,0
DA:163,0
DA:179,0
DA:195,0
DA:209,0
DA:224,0
DA:241,0
DA:260,0
DA:274,0
DA:287,0
DA:300,0
DA:317,0
DA:332,0
DA:348,0
DA:371,0
DA:387,0
DA:397,0
DA:407,0
DA:416,0
DA:426,0
DA:437,0
LF:30
LH:0
end_of_record
SF:lib/features/home/domain/entities/pokemon_list_entity.dart
DA:7,0
DA:19,0
LF:2
LH:0
end_of_record
